{
  "0 debug pnpm:scope": {
    "selected": 1
  },
  "1 error pnpm": {
    "code": "ELIFECYCLE",
    "errno": "ENOENT",
    "syscall": "spawn",
    "file": "sh",
    "pkgid": "zzinit@0.0.0",
    "stage": "format:check",
    "script": "prettier --check '**/*.{js,css,json,md}'",
    "pkgname": "zzinit",
    "err": {
      "name": "pnpm",
      "message": "zzinit@0.0.0 format:check: `prettier --check '**/*.{js,css,json,md}'`\nspawn ENOENT",
      "code": "ELIFECYCLE",
      "stack": "pnpm: zzinit@0.0.0 format:check: `prettier --check '**/*.{js,css,json,md}'`\nspawn ENOENT\n    at ChildProcess.<anonymous> (/home/sall/pnpm-global/5/node_modules/.pnpm/pnpm@7.1.7/node_modules/pnpm/dist/pnpm.cjs:93511:22)\n    at ChildProcess.emit (node:events:527:28)\n    at maybeClose (node:internal/child_process:1090:16)\n    at ChildProcess._handle.onexit (node:internal/child_process:302:5)"
    }
  },
  "2 warn pnpm:global": " Local package.json exists, but node_modules missing, did you mean to install?"
}